<?xml version="1.0" encoding="UTF-8"?>
<!-- Generated by org.testng.reporters.JUnitXMLReporter -->
<testsuite hostname="DESKTOP-ROTR67B" ignored="0" name="Command line test 02fbe4cb-2039-4c5a-9138-65215484ca63" tests="4" failures="0" timestamp="2020-08-07T01:36:42 IST" time="236.886" errors="0">
  <testcase name="Click1" time="31.028" classname="org.testing.TestingScripts.TC1"/>
  <testcase name="Click2" time="32.03" classname="org.testing.TestingScripts.TC2"/>
  <testcase name="Click4" time="31.605" classname="org.testing.TestingScripts.TC4"/>
  <testcase name="Click7" time="41.946" classname="org.testing.TestingScripts.TC7"/>
</testsuite> <!-- Command line test 02fbe4cb-2039-4c5a-9138-65215484ca63 -->
