<?xml version="1.0" encoding="UTF-8"?>
<!-- Generated by org.testng.reporters.JUnitXMLReporter -->
<testsuite hostname="DESKTOP-ROTR67B" ignored="0" name="Test" tests="8" failures="1" timestamp="2020-08-07T00:25:32 IST" time="499.899" errors="0">
  <testcase name="Click1" time="33.605" classname="org.testing.TestingScripts.TC1"/>
  <testcase name="Click2" time="35.366" classname="org.testing.TestingScripts.TC2"/>
  <testcase name="Click3" time="34.841" classname="org.testing.TestingScripts.TC3"/>
  <testcase name="Click4" time="25.072" classname="org.testing.TestingScripts.TC4">
    <failure type="java.lang.AssertionError" message="expected [true] but found [false]">
      <![CDATA[java.lang.AssertionError: expected [true] but found [false]
at org.testing.TestingScripts.TC4.Click4(TC4.java:31)
at java.util.ArrayList.forEach(Unknown Source)
... Removed 31 stack frames]]>
    </failure>
  </testcase> <!-- Click4 -->
  <testcase name="Click5" time="32.832" classname="org.testing.TestingScripts.TC5"/>
  <testcase name="Click6" time="43.227" classname="org.testing.TestingScripts.TC6"/>
  <testcase name="Click7" time="42.555" classname="org.testing.TestingScripts.TC7"/>
  <testcase name="Click8" time="48.833" classname="org.testing.TestingScripts.TC8"/>
</testsuite> <!-- Test -->
